<?xml version="1.0" encoding="UTF-8"?>
<!-- Generated by org.testng.reporters.JUnitReportReporter -->
<testsuite hostname="PC-201109231337" name="com.rop.config.RopNamespaceHandlerIT" tests="1" failures="1" timestamp="31 Jul 2013 09:58:54 GMT" time="0.000" errors="0">
  <testcase name="testSimplestConfig" time="0.000" classname="com.rop.config.RopNamespaceHandlerIT">
    <failure type="java.lang.NoClassDefFoundError" message="org/apache/commons/lang/text/StrSubstitutor">
      <![CDATA[java.lang.NoClassDefFoundError: org/apache/commons/lang/text/StrSubstitutor
	at org.unitils.core.ConfigurationLoader.expandPropertyValues(ConfigurationLoader.java:174)
	at org.unitils.core.ConfigurationLoader.loadConfiguration(ConfigurationLoader.java:98)
	at org.unitils.core.Unitils.init(Unitils.java:104)
	at org.unitils.core.Unitils.initSingletonInstance(Unitils.java:74)
	at org.unitils.core.Unitils.getInstance(Unitils.java:52)
	at org.unitils.UnitilsTestNG.getUnitils(UnitilsTestNG.java:162)
	at org.unitils.UnitilsTestNG.getTestListener(UnitilsTestNG.java:152)
	at org.unitils.UnitilsTestNG.unitilsBeforeClass(UnitilsTestNG.java:49)
	at sun.reflect.NativeMethodAccessorImpl.invoke0(Native Method)
	at sun.reflect.NativeMethodAccessorImpl.invoke(NativeMethodAccessorImpl.java:57)
	at sun.reflect.DelegatingMethodAccessorImpl.invoke(DelegatingMethodAccessorImpl.java:43)
	at java.lang.reflect.Method.invoke(Method.java:601)
	at org.testng.internal.MethodInvocationHelper.invokeMethod(MethodInvocationHelper.java:84)
	at org.testng.internal.Invoker.invokeConfigurationMethod(Invoker.java:564)
	at org.testng.internal.Invoker.invokeConfigurations(Invoker.java:213)
	at org.testng.internal.Invoker.invokeConfigurations(Invoker.java:138)
	at org.testng.internal.TestMethodWorker.invokeBeforeClassMethods(TestMethodWorker.java:175)
	at org.testng.internal.TestMethodWorker.run(TestMethodWorker.java:107)
	at org.testng.TestRunner.privateRun(TestRunner.java:767)
	at org.testng.TestRunner.run(TestRunner.java:617)
	at org.testng.SuiteRunner.runTest(SuiteRunner.java:335)
	at org.testng.SuiteRunner.runSequentially(SuiteRunner.java:330)
	at org.testng.SuiteRunner.privateRun(SuiteRunner.java:291)
	at org.testng.SuiteRunner.run(SuiteRunner.java:240)
	at org.testng.SuiteRunnerWorker.runSuite(SuiteRunnerWorker.java:52)
	at org.testng.SuiteRunnerWorker.run(SuiteRunnerWorker.java:86)
	at org.testng.TestNG.runSuitesSequentially(TestNG.java:1224)
	at org.testng.TestNG.runSuitesLocally(TestNG.java:1149)
	at org.testng.TestNG.run(TestNG.java:1057)
	at org.testng.remote.RemoteTestNG.run(RemoteTestNG.java:111)
	at org.testng.remote.RemoteTestNG.initAndRun(RemoteTestNG.java:204)
	at org.testng.remote.RemoteTestNG.main(RemoteTestNG.java:175)
Caused by: java.lang.ClassNotFoundException: org.apache.commons.lang.text.StrSubstitutor
	at java.net.URLClassLoader$1.run(URLClassLoader.java:366)
	at java.net.URLClassLoader$1.run(URLClassLoader.java:355)
	at java.security.AccessController.doPrivileged(Native Method)
	at java.net.URLClassLoader.findClass(URLClassLoader.java:354)
	at java.lang.ClassLoader.loadClass(ClassLoader.java:423)
	at sun.misc.Launcher$AppClassLoader.loadClass(Launcher.java:308)
	at java.lang.ClassLoader.loadClass(ClassLoader.java:356)
	... 32 more
]]>
    </failure>
  </testcase> <!-- testSimplestConfig -->
</testsuite> <!-- com.rop.config.RopNamespaceHandlerIT -->
